app/build/intermediates/manifest_merge_blame_file/debug/manifest-merger-blame-debug-report.txt
1<?xml version="1.0" encoding="utf-8"?>
2<manifest xmlns:android="http://schemas.android.com/apk/res/android"
3    package="com.awaydoomscrollin.app"
4    android:versionCode="1"
5    android:versionName="1.0.0" >
6
7    <uses-sdk
8        android:minSdkVersion="26"
9        android:targetSdkVersion="34" />
10
11    <uses-permission android:name="android.permission.INTERNET" />
11-->src\main\AndroidManifest.xml:4:5-67
11-->src\main\AndroidManifest.xml:4:22-64
12    <uses-permission android:name="android.permission.ACCESS_NETWORK_STATE" />
12-->src\main\AndroidManifest.xml:5:5-79
12-->src\main\AndroidManifest.xml:5:22-76
13    <uses-permission android:name="android.permission.REQUEST_IGNORE_BATTERY_OPTIMIZATIONS" />
13-->src\main\AndroidManifest.xml:6:5-95
13-->src\main\AndroidManifest.xml:6:22-92
14    <uses-permission android:name="android.permission.POST_NOTIFICATIONS" />
14-->src\main\AndroidManifest.xml:7:5-77
14-->src\main\AndroidManifest.xml:7:22-74
15    <uses-permission android:name="android.permission.KILL_BACKGROUND_PROCESSES" />
15-->src\main\AndroidManifest.xml:8:5-84
15-->src\main\AndroidManifest.xml:8:22-81
16    <uses-permission android:name="android.permission.REORDER_TASKS" />
16-->src\main\AndroidManifest.xml:9:5-72
16-->src\main\AndroidManifest.xml:9:22-69
17
18    <permission
18-->[androidx.core:core:1.12.0] AndroidManifest.xml:22:5-24:47
19        android:name="com.awaydoomscrollin.app.DYNAMIC_RECEIVER_NOT_EXPORTED_PERMISSION"
19-->[androidx.core:core:1.12.0] AndroidManifest.xml:23:9-81
20        android:protectionLevel="signature" />
20-->[androidx.core:core:1.12.0] AndroidManifest.xml:24:9-44
21
22    <uses-permission android:name="com.awaydoomscrollin.app.DYNAMIC_RECEIVER_NOT_EXPORTED_PERMISSION" />
22-->[androidx.core:core:1.12.0] AndroidManifest.xml:26:5-97
22-->[androidx.core:core:1.12.0] AndroidManifest.xml:26:22-94
23
24    <application
24-->src\main\AndroidManifest.xml:11:5-64:19
25        android:allowBackup="true"
25-->src\main\AndroidManifest.xml:12:9-35
26        android:appComponentFactory="androidx.core.app.CoreComponentFactory"
26-->[androidx.core:core:1.12.0] AndroidManifest.xml:28:18-86
27        android:debuggable="true"
28        android:extractNativeLibs="false"
29        android:icon="@mipmap/ic_launcher"
29-->src\main\AndroidManifest.xml:13:9-43
30        android:label="@string/app_name"
30-->src\main\AndroidManifest.xml:15:9-41
31        android:roundIcon="@mipmap/ic_launcher_round"
31-->src\main\AndroidManifest.xml:14:9-54
32        android:supportsRtl="true" >
32-->src\main\AndroidManifest.xml:16:9-35
33        <activity
33-->src\main\AndroidManifest.xml:18:9-27:20
34            android:name="com.awaydoomscrollin.app.MainActivity"
34-->src\main\AndroidManifest.xml:19:13-41
35            android:exported="true"
35-->src\main\AndroidManifest.xml:20:13-36
36            android:label="@string/app_name"
36-->src\main\AndroidManifest.xml:21:13-45
37            android:theme="@style/Theme.AwaySplashScreen" >
37-->src\main\AndroidManifest.xml:22:13-58
38            <intent-filter>
38-->src\main\AndroidManifest.xml:23:13-26:29
39                <action android:name="android.intent.action.MAIN" />
39-->src\main\AndroidManifest.xml:24:17-69
39-->src\main\AndroidManifest.xml:24:25-66
40
41                <category android:name="android.intent.category.LAUNCHER" />
41-->src\main\AndroidManifest.xml:25:17-77
41-->src\main\AndroidManifest.xml:25:27-74
42            </intent-filter>
43        </activity>
44        <activity
44-->src\main\AndroidManifest.xml:29:9-32:75
45            android:name="com.awaydoomscrollin.app.AntiCheatGuiltActivity"
45-->src\main\AndroidManifest.xml:30:13-51
46            android:exported="false"
46-->src\main\AndroidManifest.xml:31:13-37
47            android:theme="@android:style/Theme.Translucent.NoTitleBar" />
47-->src\main\AndroidManifest.xml:32:13-72
48        <activity
48-->src\main\AndroidManifest.xml:34:9-38:62
49            android:name="com.awaydoomscrollin.app.ClearTaskInstagramActivity"
49-->src\main\AndroidManifest.xml:35:13-55
50            android:exported="false"
50-->src\main\AndroidManifest.xml:36:13-37
51            android:taskAffinity="com.instagram.android"
51-->src\main\AndroidManifest.xml:37:13-57
52            android:theme="@android:style/Theme.NoDisplay" />
52-->src\main\AndroidManifest.xml:38:13-59
53        <activity
53-->src\main\AndroidManifest.xml:40:9-44:62
54            android:name="com.awaydoomscrollin.app.ClearTaskTiktokActivity"
54-->src\main\AndroidManifest.xml:41:13-52
55            android:exported="false"
55-->src\main\AndroidManifest.xml:42:13-37
56            android:taskAffinity="com.zhiliaoapp.musically"
56-->src\main\AndroidManifest.xml:43:13-60
57            android:theme="@android:style/Theme.NoDisplay" />
57-->src\main\AndroidManifest.xml:44:13-59
58        <activity
58-->src\main\AndroidManifest.xml:46:9-50:62
59            android:name="com.awaydoomscrollin.app.ClearTaskYoutubeActivity"
59-->src\main\AndroidManifest.xml:47:13-53
60            android:exported="false"
60-->src\main\AndroidManifest.xml:48:13-37
61            android:taskAffinity="com.google.android.youtube"
61-->src\main\AndroidManifest.xml:49:13-62
62            android:theme="@android:style/Theme.NoDisplay" />
62-->src\main\AndroidManifest.xml:50:13-59
63
64        <service
64-->src\main\AndroidManifest.xml:52:9-63:19
65            android:name="com.awaydoomscrollin.app.AntiScrollService"
65-->src\main\AndroidManifest.xml:53:13-46
66            android:exported="true"
66-->src\main\AndroidManifest.xml:54:13-36
67            android:label="AwayDoomscrollin\&apos;"
67-->src\main\AndroidManifest.xml:55:13-47
68            android:permission="android.permission.BIND_ACCESSIBILITY_SERVICE" >
68-->src\main\AndroidManifest.xml:56:13-79
69            <intent-filter>
69-->src\main\AndroidManifest.xml:57:13-59:29
70                <action android:name="android.accessibilityservice.AccessibilityService" />
70-->src\main\AndroidManifest.xml:58:17-92
70-->src\main\AndroidManifest.xml:58:25-89
71            </intent-filter>
72
73            <meta-data
73-->src\main\AndroidManifest.xml:60:13-62:72
74                android:name="android.accessibilityservice"
74-->src\main\AndroidManifest.xml:61:17-60
75                android:resource="@xml/accessibility_service_config" />
75-->src\main\AndroidManifest.xml:62:17-69
76        </service>
77
78        <provider
78-->[androidx.emoji2:emoji2:1.4.0] AndroidManifest.xml:24:9-32:20
79            android:name="androidx.startup.InitializationProvider"
79-->[androidx.emoji2:emoji2:1.4.0] AndroidManifest.xml:25:13-67
80            android:authorities="com.awaydoomscrollin.app.androidx-startup"
80-->[androidx.emoji2:emoji2:1.4.0] AndroidManifest.xml:26:13-68
81            android:exported="false" >
81-->[androidx.emoji2:emoji2:1.4.0] AndroidManifest.xml:27:13-37
82            <meta-data
82-->[androidx.emoji2:emoji2:1.4.0] AndroidManifest.xml:29:13-31:52
83                android:name="androidx.emoji2.text.EmojiCompatInitializer"
83-->[androidx.emoji2:emoji2:1.4.0] AndroidManifest.xml:30:17-75
84                android:value="androidx.startup" />
84-->[androidx.emoji2:emoji2:1.4.0] AndroidManifest.xml:31:17-49
85            <meta-data
85-->[androidx.lifecycle:lifecycle-process:2.6.2] AndroidManifest.xml:29:13-31:52
86                android:name="androidx.lifecycle.ProcessLifecycleInitializer"
86-->[androidx.lifecycle:lifecycle-process:2.6.2] AndroidManifest.xml:30:17-78
87                android:value="androidx.startup" />
87-->[androidx.lifecycle:lifecycle-process:2.6.2] AndroidManifest.xml:31:17-49
88            <meta-data
88-->[androidx.profileinstaller:profileinstaller:1.3.0] AndroidManifest.xml:29:13-31:52
89                android:name="androidx.profileinstaller.ProfileInstallerInitializer"
89-->[androidx.profileinstaller:profileinstaller:1.3.0] AndroidManifest.xml:30:17-85
90                android:value="androidx.startup" />
90-->[androidx.profileinstaller:profileinstaller:1.3.0] AndroidManifest.xml:31:17-49
91        </provider>
92
93        <receiver
93-->[androidx.profileinstaller:profileinstaller:1.3.0] AndroidManifest.xml:34:9-52:20
94            android:name="androidx.profileinstaller.ProfileInstallReceiver"
94-->[androidx.profileinstaller:profileinstaller:1.3.0] AndroidManifest.xml:35:13-76
95            android:directBootAware="false"
95-->[androidx.profileinstaller:profileinstaller:1.3.0] AndroidManifest.xml:36:13-44
96            android:enabled="true"
96-->[androidx.profileinstaller:profileinstaller:1.3.0] AndroidManifest.xml:37:13-35
97            android:exported="true"
97-->[androidx.profileinstaller:profileinstaller:1.3.0] AndroidManifest.xml:38:13-36
98            android:permission="android.permission.DUMP" >
98-->[androidx.profileinstaller:profileinstaller:1.3.0] AndroidManifest.xml:39:13-57
99            <intent-filter>
99-->[androidx.profileinstaller:profileinstaller:1.3.0] AndroidManifest.xml:40:13-42:29
100                <action android:name="androidx.profileinstaller.action.INSTALL_PROFILE" />
100-->[androidx.profileinstaller:profileinstaller:1.3.0] AndroidManifest.xml:41:17-91
100-->[androidx.profileinstaller:profileinstaller:1.3.0] AndroidManifest.xml:41:25-88
101            </intent-filter>
102            <intent-filter>
102-->[androidx.profileinstaller:profileinstaller:1.3.0] AndroidManifest.xml:43:13-45:29
103                <action android:name="androidx.profileinstaller.action.SKIP_FILE" />
103-->[androidx.profileinstaller:profileinstaller:1.3.0] AndroidManifest.xml:44:17-85
103-->[androidx.profileinstaller:profileinstaller:1.3.0] AndroidManifest.xml:44:25-82
104            </intent-filter>
105            <intent-filter>
105-->[androidx.profileinstaller:profileinstaller:1.3.0] AndroidManifest.xml:46:13-48:29
106                <action android:name="androidx.profileinstaller.action.SAVE_PROFILE" />
106-->[androidx.profileinstaller:profileinstaller:1.3.0] AndroidManifest.xml:47:17-88
106-->[androidx.profileinstaller:profileinstaller:1.3.0] AndroidManifest.xml:47:25-85
107            </intent-filter>
108            <intent-filter>
108-->[androidx.profileinstaller:profileinstaller:1.3.0] AndroidManifest.xml:49:13-51:29
109                <action android:name="androidx.profileinstaller.action.BENCHMARK_OPERATION" />
109-->[androidx.profileinstaller:profileinstaller:1.3.0] AndroidManifest.xml:50:17-95
109-->[androidx.profileinstaller:profileinstaller:1.3.0] AndroidManifest.xml:50:25-92
110            </intent-filter>
111        </receiver>
112    </application>
113
114</manifest>